<?xml version="1.0" encoding="UTF-8"?>
<testng-results ignored="0" total="1" passed="1" failed="0" skipped="0">
  <reporter-output>
  </reporter-output>
  <suite started-at="2023-04-02T11:49:33 IST" name="Default suite" finished-at="2023-04-02T11:49:33 IST" duration-ms="68">
    <groups>
    </groups>
    <test started-at="2023-04-02T11:49:33 IST" name="Default test" finished-at="2023-04-02T11:49:33 IST" duration-ms="68">
      <class name="practice.Demo">
        <test-method signature="demo()[pri:0, instance:practice.Demo@4e91d63f]" started-at="2023-04-02T11:49:33 IST" name="demo" finished-at="2023-04-02T11:49:33 IST" duration-ms="13" status="PASS">
          <reporter-output>
          </reporter-output>
        </test-method> <!-- demo -->
      </class> <!-- practice.Demo -->
    </test> <!-- Default test -->
  </suite> <!-- Default suite -->
</testng-results>
